2019-09-14 15:32:40 ERROR BigNumFactorial:23 - n must be positive
2019-09-14 15:35:16 ERROR BigNumFactorial:23 - n must be positive
2019-09-14 15:38:39 ERROR BigNumFactorial:23 - n must be positive
2019-09-14 15:39:32 ERROR BigNumFactorial:23 - n must be positive
2019-09-14 15:44:24 ERROR BigNumFactorial:23 - n must be positive
2019-09-14 15:45:19 ERROR BigNumFactorial:23 - n must be positive
2019-09-14 15:46:33 ERROR BigNumFactorial:23 - n must be positive
2019-09-14 15:49:21 ERROR BigNumFactorial:23 - n must be positive
2019-09-14 15:51:56 ERROR LoopFactorial:20 - n must be positive
2019-09-14 15:52:27 ERROR LoopFactorial:20 - n must be positive
2019-09-14 15:55:14 ERROR RecursionFactorial:18 - n must be positive
2019-09-14 15:55:31 ERROR BigNumFactorial:23 - n must be positive
2019-09-14 15:55:31 ERROR LoopFactorial:20 - n must be positive
2019-09-14 15:55:31 ERROR RecursionFactorial:18 - n must be positive
2019-09-14 16:46:37 ERROR BigNumFactorial:23 - n must be positive
2019-09-14 16:46:37 ERROR LoopFactorial:20 - n must be positive
2019-09-14 16:46:37 ERROR RecursionFactorial:18 - n must be positive
2019-09-14 16:51:08 ERROR BigNumFactorial:23 - n must be positive
2019-09-14 16:51:08 ERROR LoopFactorial:20 - n must be positive
2019-09-14 16:51:08 ERROR RecursionFactorial:18 - n must be positive
2019-09-14 16:51:08 ERROR BigNumFibonacci:30 - n must be positive
2019-09-14 16:51:08 ERROR BigNumFibonacci:30 - n must be positive
2019-09-14 16:51:08 ERROR BigNumFibonacci:30 - n must be positive
2019-09-14 16:51:08 ERROR BigNumFibonacci:30 - n must be positive
2019-09-14 16:51:08 ERROR BigNumFibonacci:30 - n must be positive
2019-09-14 16:51:08 ERROR BigNumFibonacci:30 - n must be positive
2019-09-14 16:51:08 ERROR BigNumFibonacci:30 - n must be positive
2019-09-14 16:51:08 ERROR BigNumFibonacci:30 - n must be positive
2019-09-14 16:51:08 ERROR BigNumFibonacci:30 - n must be positive
2019-09-14 16:51:08 ERROR LoopFibonacci:25 - n must be positive
2019-09-14 16:51:08 ERROR LoopFibonacci:25 - n must be positive
2019-09-14 16:51:08 ERROR LoopFibonacci:25 - n must be positive
2019-09-14 16:51:08 ERROR LoopFibonacci:25 - n must be positive
2019-09-14 16:51:08 ERROR LoopFibonacci:25 - n must be positive
2019-09-14 16:51:08 ERROR LoopFibonacci:25 - n must be positive
2019-09-14 16:51:08 ERROR LoopFibonacci:25 - n must be positive
2019-09-14 16:51:08 ERROR LoopFibonacci:25 - n must be positive
2019-09-14 16:51:08 ERROR RecursionFibonacci:17 - n must be positive
2019-09-14 16:51:08 ERROR RecursionFibonacci:17 - n must be positive
2019-09-14 16:51:08 ERROR RecursionFibonacci:17 - n must be positive
2019-09-14 16:51:08 ERROR RecursionFibonacci:17 - n must be positive
2019-09-14 16:51:08 ERROR RecursionFibonacci:17 - n must be positive
2019-09-14 16:51:08 ERROR RecursionFibonacci:17 - n must be positive
2019-09-14 16:51:08 ERROR RecursionFibonacci:17 - n must be positive
2019-09-14 16:51:08 ERROR RecursionFibonacci:17 - n must be positive
